Started by user [8mha:////4K/zGbO55rl7woRFG/jwKxgCxNXHSQSlaXjlrpi5UCwMAAAAlx+LCAAAAAAAAP9b85aBtbiIQTGjNKU4P08vOT+vOD8nVc83PyU1x6OyILUoJzMv2y+/JJUBAhiZGBgqihhk0NSjKDWzXb3RdlLBUSYGJk8GtpzUvPSSDB8G5tKinBIGIZ+sxLJE/ZzEvHT94JKizLx0a6BxUmjGOUNodHsLgAyBEgZu/dLi1CL93MSizEQApGSSL8AAAAA=[0mMaria Bruhanchik
Running as SYSTEM
Building on master in workspace C:\WINDOWS\system32\config\systemprofile\AppData\Local\Jenkins.jenkins\workspace\Unit test
The recommended git tool is: NONE
No credentials specified
 > git.exe rev-parse --is-inside-work-tree # timeout=10
Fetching changes from the remote Git repository
 > git.exe config remote.origin.url https://github.com/vitalliuss/helloci # timeout=10
Fetching upstream changes from https://github.com/vitalliuss/helloci
 > git.exe --version # timeout=10
 > git --version # 'git version 2.28.0.windows.1'
 > git.exe fetch --tags --force --progress -- https://github.com/vitalliuss/helloci +refs/heads/*:refs/remotes/origin/* # timeout=10
 > git.exe rev-parse "refs/remotes/origin/master^{commit}" # timeout=10
 > git.exe rev-parse "refs/remotes/origin/origin/master^{commit}" # timeout=10
Checking out Revision 446ae5a4fb9798821be65628da0b587e4e1f04e3 (refs/remotes/origin/master)
 > git.exe config core.sparsecheckout # timeout=10
 > git.exe checkout -f 446ae5a4fb9798821be65628da0b587e4e1f04e3 # timeout=10
Commit message: "mention cobertura issue in README"
 > git.exe rev-list --no-walk 446ae5a4fb9798821be65628da0b587e4e1f04e3 # timeout=10
[Unit test] $ cmd.exe /C "c:\apache-maven-3.6.3\bin\mvn.cmd coberture:cobertura && exit %%ERRORLEVEL%%"
[INFO] Scanning for projects...
Downloading from central: https://repo.maven.apache.org/maven2/org/codehaus/mojo/maven-metadata.xml
Downloading from central: https://repo.maven.apache.org/maven2/org/apache/maven/plugins/maven-metadata.xml
Progress (1): 2.7/20 kBProgress (1): 5.5/20 kBProgress (2): 5.5/20 kB | 2.7/14 kBProgress (2): 8.2/20 kB | 2.7/14 kBProgress (2): 8.2/20 kB | 5.5/14 kBProgress (2): 8.2/20 kB | 8.2/14 kBProgress (2): 8.2/20 kB | 11/14 kB Progress (2): 11/20 kB | 11/14 kB Progress (2): 11/20 kB | 14/14 kBProgress (2): 11/20 kB | 14 kB   Progress (2): 14/20 kB | 14 kBProgress (2): 16/20 kB | 14 kBProgress (2): 19/20 kB | 14 kBProgress (2): 20 kB | 14 kB                              Downloaded from central: https://repo.maven.apache.org/maven2/org/apache/maven/plugins/maven-metadata.xml (14 kB at 13 kB/s)
Downloaded from central: https://repo.maven.apache.org/maven2/org/codehaus/mojo/maven-metadata.xml (20 kB at 18 kB/s)
[INFO] ------------------------------------------------------------------------
[INFO] BUILD FAILURE
[INFO] ------------------------------------------------------------------------
[INFO] Total time:  3.316 s
[INFO] Finished at: 2020-09-14T15:25:30+03:00
[INFO] ------------------------------------------------------------------------
[8mha:////4OXyDUgN3g5uIua/zyXlrAvKn1AmdDdGR0/ZQ5yW7mdRAAAAYB+LCAAAAAAAAP9b85aBtbiIQSmjNKU4P0+vJLE4u1gvPjexLDVPzxdEuhYV5Rf55ZekOlc7RKnPKH7IxMBQUcQgBdWQnJ9XnJ+TqucMoUEKGSCAEaSwAACsNFCqYAAAAA==[0m[ERROR] No plugin found for prefix 'coberture' in the current project and in the plugin groups [org.apache.maven.plugins, org.codehaus.mojo] available from the repositories [local (C:\WINDOWS\system32\config\systemprofile\.m2\repository), central (https://repo.maven.apache.org/maven2)] -> [Help 1]
[8mha:////4OXyDUgN3g5uIua/zyXlrAvKn1AmdDdGR0/ZQ5yW7mdRAAAAYB+LCAAAAAAAAP9b85aBtbiIQSmjNKU4P0+vJLE4u1gvPjexLDVPzxdEuhYV5Rf55ZekOlc7RKnPKH7IxMBQUcQgBdWQnJ9XnJ+TqucMoUEKGSCAEaSwAACsNFCqYAAAAA==[0m[ERROR] 
[8mha:////4OXyDUgN3g5uIua/zyXlrAvKn1AmdDdGR0/ZQ5yW7mdRAAAAYB+LCAAAAAAAAP9b85aBtbiIQSmjNKU4P0+vJLE4u1gvPjexLDVPzxdEuhYV5Rf55ZekOlc7RKnPKH7IxMBQUcQgBdWQnJ9XnJ+TqucMoUEKGSCAEaSwAACsNFCqYAAAAA==[0m[ERROR] To see the full stack trace of the errors, re-run Maven with the -e switch.
[8mha:////4OXyDUgN3g5uIua/zyXlrAvKn1AmdDdGR0/ZQ5yW7mdRAAAAYB+LCAAAAAAAAP9b85aBtbiIQSmjNKU4P0+vJLE4u1gvPjexLDVPzxdEuhYV5Rf55ZekOlc7RKnPKH7IxMBQUcQgBdWQnJ9XnJ+TqucMoUEKGSCAEaSwAACsNFCqYAAAAA==[0m[ERROR] Re-run Maven using the -X switch to enable full debug logging.
[8mha:////4OXyDUgN3g5uIua/zyXlrAvKn1AmdDdGR0/ZQ5yW7mdRAAAAYB+LCAAAAAAAAP9b85aBtbiIQSmjNKU4P0+vJLE4u1gvPjexLDVPzxdEuhYV5Rf55ZekOlc7RKnPKH7IxMBQUcQgBdWQnJ9XnJ+TqucMoUEKGSCAEaSwAACsNFCqYAAAAA==[0m[ERROR] 
[8mha:////4OXyDUgN3g5uIua/zyXlrAvKn1AmdDdGR0/ZQ5yW7mdRAAAAYB+LCAAAAAAAAP9b85aBtbiIQSmjNKU4P0+vJLE4u1gvPjexLDVPzxdEuhYV5Rf55ZekOlc7RKnPKH7IxMBQUcQgBdWQnJ9XnJ+TqucMoUEKGSCAEaSwAACsNFCqYAAAAA==[0m[ERROR] For more information about the errors and possible solutions, please read the following articles:
[8mha:////4OXyDUgN3g5uIua/zyXlrAvKn1AmdDdGR0/ZQ5yW7mdRAAAAYB+LCAAAAAAAAP9b85aBtbiIQSmjNKU4P0+vJLE4u1gvPjexLDVPzxdEuhYV5Rf55ZekOlc7RKnPKH7IxMBQUcQgBdWQnJ9XnJ+TqucMoUEKGSCAEaSwAACsNFCqYAAAAA==[0m[ERROR] [Help 1] http://cwiki.apache.org/confluence/display/MAVEN/NoPluginFoundForPrefixException
Build step '¬ызвать цели Maven верхнего уровн€  ' marked build as failure
Recording test results
ERROR: Step СPublish JUnit test result reportТ failed: No test report files were found. Configuration error?
Finished: FAILURE
