<?xml version="1.0" encoding="UTF-8"?>
<testng-results skipped="0" failed="0" ignored="0" total="0" passed="0">
  <reporter-output>
  </reporter-output>
  <suite name="Command line suite" duration-ms="84" started-at="2021-10-19T21:59:55 MSK" finished-at="2021-10-19T21:59:55 MSK">
    <groups>
    </groups>
    <test name="Command line test" duration-ms="84" started-at="2021-10-19T21:59:55 MSK" finished-at="2021-10-19T21:59:55 MSK">
    </test> <!-- Command line test -->
  </suite> <!-- Command line suite -->
</testng-results>
